[09-21|09:51:50.070] INFO client/client.go:142 start
[09-21|09:53:33.543] INFO client/client.go:263 stop
[09-21|09:55:46.435] INFO client/client.go:139 start
[09-21|09:56:21.155] INFO client/client.go:162 health
[09-21|09:56:26.161] INFO client/client.go:181 status
[09-21|09:56:26.162] INFO client/client.go:172 uris
[09-21|09:56:26.163] INFO client/client.go:233 stop
[09-21|09:57:45.728] INFO client/client.go:139 start
[09-21|09:58:28.063] INFO client/client.go:162 health
[09-21|09:58:33.067] INFO client/client.go:181 status
[09-21|09:58:33.068] INFO client/client.go:172 uris
[09-21|09:58:33.069] INFO client/client.go:233 stop
[09-21|10:46:00.042] INFO client/client.go:139 start
[09-21|10:46:35.137] INFO client/client.go:162 health
[09-21|10:46:40.141] INFO client/client.go:181 status
[09-21|10:46:40.141] INFO client/client.go:172 uris
[09-21|10:46:40.143] INFO client/client.go:233 stop
[09-21|10:51:54.334] INFO client/client.go:139 start
[09-21|10:52:36.160] INFO client/client.go:162 health
[09-21|10:52:41.164] INFO client/client.go:181 status
[09-21|10:52:41.165] INFO client/client.go:172 uris
[09-21|10:52:41.166] INFO client/client.go:233 stop
[09-21|10:54:47.195] INFO client/client.go:139 start
[09-21|10:55:29.067] INFO client/client.go:162 health
[09-21|10:55:34.071] INFO client/client.go:181 status
[09-21|10:55:34.072] INFO client/client.go:172 uris
[09-21|10:55:34.073] INFO client/client.go:233 stop
[09-21|10:57:21.569] INFO client/client.go:139 start
[09-21|10:57:58.071] INFO client/client.go:162 health
[09-21|10:58:03.076] INFO client/client.go:181 status
[09-21|10:58:03.076] INFO client/client.go:172 uris
[09-21|10:58:03.081] INFO client/client.go:233 stop
[09-21|11:06:33.932] INFO client/client.go:139 start
[09-21|11:07:12.099] INFO client/client.go:162 health
[09-21|11:07:17.102] INFO client/client.go:181 status
[09-21|11:07:17.102] INFO client/client.go:172 uris
[09-21|11:07:17.108] INFO client/client.go:233 stop
[09-21|11:11:39.118] INFO client/client.go:139 start
[09-21|11:12:14.090] INFO client/client.go:162 health
[09-21|11:12:19.094] INFO client/client.go:181 status
[09-21|11:12:19.094] INFO client/client.go:172 uris
[09-21|11:12:19.103] INFO client/client.go:233 stop
[09-21|11:17:32.950] INFO client/client.go:139 start
[09-21|11:18:11.146] INFO client/client.go:162 health
[09-21|11:18:16.154] INFO client/client.go:181 status
[09-21|11:18:16.154] INFO client/client.go:172 uris
[09-21|11:18:16.164] INFO client/client.go:233 stop
[09-21|11:24:06.846] INFO client/client.go:139 start
[09-21|11:24:49.065] INFO client/client.go:162 health
[09-21|11:24:54.070] INFO client/client.go:181 status
[09-21|11:24:54.070] INFO client/client.go:172 uris
[09-21|11:24:54.096] INFO client/client.go:233 stop
[09-21|11:25:48.225] INFO client/client.go:139 start
[09-21|11:26:23.116] INFO client/client.go:162 health
[09-21|11:26:28.119] INFO client/client.go:181 status
[09-21|11:26:28.120] INFO client/client.go:172 uris
[09-21|11:26:28.147] INFO client/client.go:233 stop
